Thu Nov 09 2017 00:18:01 GMT-0500 (EST): /confirmation GET
Thu Nov 09 2017 07:32:46 GMT-0500 (EST): /confirmation GET
Thu Nov 09 2017 07:33:17 GMT-0500 (EST): /search.html GET
Thu Nov 09 2017 07:33:24 GMT-0500 (EST): /search POST
Thu Nov 09 2017 07:33:24 GMT-0500 (EST): /confirmation GET
Thu Nov 09 2017 07:38:34 GMT-0500 (EST): /search.html GET
Thu Nov 09 2017 07:40:22 GMT-0500 (EST): /search POST
Thu Nov 09 2017 07:41:46 GMT-0500 (EST): /search POST
Thu Nov 09 2017 09:14:04 GMT-0500 (EST): /search POST
Thu Nov 09 2017 09:15:57 GMT-0500 (EST): /search POST
Thu Nov 09 2017 09:19:35 GMT-0500 (EST): /search POST
Thu Nov 09 2017 09:19:35 GMT-0500 (EST): /confirmation GET
Thu Nov 09 2017 09:21:28 GMT-0500 (EST): /search.html GET
Thu Nov 09 2017 09:21:36 GMT-0500 (EST): /search POST
Thu Nov 09 2017 09:21:36 GMT-0500 (EST): /confirmation GET
Thu Nov 09 2017 09:34:23 GMT-0500 (EST): /search.html GET
Thu Nov 09 2017 09:34:32 GMT-0500 (EST): /search POST
Thu Nov 09 2017 09:34:32 GMT-0500 (EST): /confirmation GET
Thu Nov 09 2017 09:47:40 GMT-0500 (EST): /search.html GET
Thu Nov 09 2017 09:47:50 GMT-0500 (EST): /search POST
Thu Nov 09 2017 09:47:50 GMT-0500 (EST): /confirmation GET
Thu Nov 09 2017 09:48:21 GMT-0500 (EST): /confirmation GET
Thu Nov 09 2017 09:48:27 GMT-0500 (EST): /search POST
Thu Nov 09 2017 09:48:27 GMT-0500 (EST): /confirmation GET
Thu Nov 09 2017 09:50:58 GMT-0500 (EST): /search POST
Thu Nov 09 2017 09:51:40 GMT-0500 (EST): /search POST
Thu Nov 09 2017 09:51:51 GMT-0500 (EST): /search POST
Thu Nov 09 2017 09:52:03 GMT-0500 (EST): /search POST
Thu Nov 09 2017 10:01:08 GMT-0500 (EST): /search POST
Thu Nov 09 2017 10:18:18 GMT-0500 (EST): /search POST
Thu Nov 09 2017 10:18:18 GMT-0500 (EST): /confirmation GET
Thu Nov 09 2017 10:18:21 GMT-0500 (EST): /search.html GET
Thu Nov 09 2017 10:18:30 GMT-0500 (EST): /search POST
Thu Nov 09 2017 10:18:30 GMT-0500 (EST): /confirmation GET
Thu Nov 09 2017 10:34:09 GMT-0500 (EST): /search.html GET
Thu Nov 09 2017 10:34:19 GMT-0500 (EST): /search POST
Thu Nov 09 2017 10:34:19 GMT-0500 (EST): /confirmation GET
Thu Nov 09 2017 10:35:12 GMT-0500 (EST): /confirmation GET
Thu Nov 09 2017 10:35:29 GMT-0500 (EST): /confirmation GET
Thu Nov 09 2017 10:36:19 GMT-0500 (EST): /search.html GET
Thu Nov 09 2017 10:36:30 GMT-0500 (EST): /search POST
Thu Nov 09 2017 10:36:30 GMT-0500 (EST): /confirmation GET
Thu Nov 09 2017 10:42:45 GMT-0500 (EST): /search.html GET
Thu Nov 09 2017 10:42:52 GMT-0500 (EST): /search POST
Thu Nov 09 2017 10:42:52 GMT-0500 (EST): /confirmation?zip=30319&radius=10 GET
Thu Nov 09 2017 11:35:09 GMT-0500 (EST): /search.html GET
Thu Nov 09 2017 11:35:16 GMT-0500 (EST): /search POST
Thu Nov 09 2017 11:35:16 GMT-0500 (EST): /confirmation?zip=30319&radius=10 GET
Thu Nov 09 2017 11:36:01 GMT-0500 (EST): /confirmation?zip=30319&radius=10 GET
Thu Nov 09 2017 11:36:47 GMT-0500 (EST): /confirmation?zip=30319&radius=10 GET
Thu Nov 09 2017 12:12:41 GMT-0500 (EST): /search.html GET
Thu Nov 09 2017 12:12:51 GMT-0500 (EST): /search POST
Thu Nov 09 2017 12:12:51 GMT-0500 (EST): /confirmation?zip=30319&radius=10 GET
Thu Nov 09 2017 12:25:48 GMT-0500 (EST): /search.html GET
Thu Nov 09 2017 12:26:09 GMT-0500 (EST): /search POST
Thu Nov 09 2017 12:26:09 GMT-0500 (EST): /confirmation?zip=30324&radius=15 GET
Thu Nov 09 2017 12:27:05 GMT-0500 (EST): /search.html GET
Thu Nov 09 2017 12:27:05 GMT-0500 (EST): /search.html GET
Thu Nov 09 2017 12:27:14 GMT-0500 (EST): /search POST
Thu Nov 09 2017 12:27:14 GMT-0500 (EST): /confirmation?zip=30315&radius=25 GET
Thu Nov 09 2017 12:33:22 GMT-0500 (EST): /search.html GET
Thu Nov 09 2017 12:33:29 GMT-0500 (EST): /search POST
Thu Nov 09 2017 12:34:21 GMT-0500 (EST): /search POST
Thu Nov 09 2017 12:34:21 GMT-0500 (EST): /confirmation?zip=30345&radius=15 GET
Thu Nov 09 2017 12:39:54 GMT-0500 (EST): /search.html GET
Thu Nov 09 2017 12:40:02 GMT-0500 (EST): /search POST
Thu Nov 09 2017 12:41:31 GMT-0500 (EST): /search POST
Thu Nov 09 2017 12:41:31 GMT-0500 (EST): /confirmation?zip=30345&radius=10 GET
Thu Nov 09 2017 12:42:05 GMT-0500 (EST): /search.html GET
Thu Nov 09 2017 12:42:11 GMT-0500 (EST): /search POST
Thu Nov 09 2017 12:42:11 GMT-0500 (EST): /confirmation?zip=30319&radius=10 GET
Thu Nov 09 2017 12:43:36 GMT-0500 (EST): /search POST
Thu Nov 09 2017 12:43:37 GMT-0500 (EST): /confirmation?zip=30319&radius=10 GET
Thu Nov 09 2017 12:47:46 GMT-0500 (EST): /search.html GET
Thu Nov 09 2017 12:47:53 GMT-0500 (EST): /search POST
Thu Nov 09 2017 12:47:53 GMT-0500 (EST): /confirmation?zip=30319&radius=10 GET
Thu Nov 09 2017 12:48:20 GMT-0500 (EST): /search.html GET
Thu Nov 09 2017 12:48:27 GMT-0500 (EST): /search POST
Thu Nov 09 2017 12:48:27 GMT-0500 (EST): /confirmation?zip=30319&radius=10 GET
Thu Nov 09 2017 13:17:58 GMT-0500 (EST): / GET
Thu Nov 09 2017 13:18:01 GMT-0500 (EST): /search.html GET
Thu Nov 09 2017 13:18:10 GMT-0500 (EST): /search POST
Thu Nov 09 2017 13:18:10 GMT-0500 (EST): /confirmation?zip=30319&radius=10 GET
Thu Nov 09 2017 13:19:22 GMT-0500 (EST): /search.html GET
Thu Nov 09 2017 13:19:30 GMT-0500 (EST): /search POST
Thu Nov 09 2017 13:19:30 GMT-0500 (EST): /confirmation?zip=30319&radius=10 GET
Thu Nov 09 2017 13:22:04 GMT-0500 (EST): /search.html GET
Thu Nov 09 2017 13:22:12 GMT-0500 (EST): /search POST
Thu Nov 09 2017 13:22:12 GMT-0500 (EST): /confirmation?zip=30345&radius=10 GET
Thu Nov 09 2017 13:23:27 GMT-0500 (EST): /search.html GET
Thu Nov 09 2017 13:23:36 GMT-0500 (EST): /search POST
Thu Nov 09 2017 13:23:36 GMT-0500 (EST): /confirmation?zip=30319&radius=10 GET
Thu Nov 09 2017 13:24:12 GMT-0500 (EST): /search POST
Thu Nov 09 2017 13:24:12 GMT-0500 (EST): /confirmation?zip=30319&radius=10 GET
Thu Nov 09 2017 13:25:02 GMT-0500 (EST): /search.html GET
Thu Nov 09 2017 13:25:16 GMT-0500 (EST): /search POST
Thu Nov 09 2017 13:25:16 GMT-0500 (EST): /confirmation?zip=30345&radius=15 GET
Thu Nov 09 2017 13:25:45 GMT-0500 (EST): /search.html GET
Thu Nov 09 2017 13:25:53 GMT-0500 (EST): /search POST
Thu Nov 09 2017 13:25:53 GMT-0500 (EST): /confirmation?zip=30345&radius=5 GET
Thu Nov 09 2017 13:26:22 GMT-0500 (EST): /search.html GET
Thu Nov 09 2017 13:26:28 GMT-0500 (EST): /search POST
Thu Nov 09 2017 13:26:28 GMT-0500 (EST): /confirmation?zip=30319&radius=2 GET
Thu Nov 09 2017 13:27:34 GMT-0500 (EST): /search.html GET
Thu Nov 09 2017 13:27:43 GMT-0500 (EST): /search POST
Thu Nov 09 2017 13:27:43 GMT-0500 (EST): /confirmation?zip=3045&radius=5 GET
Thu Nov 09 2017 13:28:37 GMT-0500 (EST): /search.html GET
Thu Nov 09 2017 13:28:45 GMT-0500 (EST): /search POST
Thu Nov 09 2017 13:28:45 GMT-0500 (EST): /confirmation?zip=30356&radius=2 GET
Thu Nov 09 2017 13:38:31 GMT-0500 (EST): /search.html GET
Thu Nov 09 2017 13:38:45 GMT-0500 (EST): /search POST
Thu Nov 09 2017 13:38:45 GMT-0500 (EST): /confirmation?zip=30331&radius=10 GET
Thu Nov 09 2017 13:39:53 GMT-0500 (EST): /search.html GET
Thu Nov 09 2017 13:40:00 GMT-0500 (EST): /search POST
Thu Nov 09 2017 13:40:01 GMT-0500 (EST): /confirmation?zip=30319&radius=10 GET
Thu Nov 09 2017 13:53:07 GMT-0500 (EST): /search.html GET
Thu Nov 09 2017 13:53:13 GMT-0500 (EST): /search POST
Thu Nov 09 2017 13:53:13 GMT-0500 (EST): /confirmation?zip=30345&radius=3 GET
Thu Nov 09 2017 13:54:53 GMT-0500 (EST): /search.html GET
Thu Nov 09 2017 13:54:59 GMT-0500 (EST): /search POST
Thu Nov 09 2017 13:54:59 GMT-0500 (EST): /confirmation?zip=30319&per_page=3 GET
Thu Nov 09 2017 13:59:25 GMT-0500 (EST): /search.html GET
Thu Nov 09 2017 13:59:32 GMT-0500 (EST): /search POST
Thu Nov 09 2017 13:59:32 GMT-0500 (EST): /confirmation?zip=30319&per_page=5 GET
Thu Nov 09 2017 14:00:03 GMT-0500 (EST): /search.html GET
Thu Nov 09 2017 14:00:10 GMT-0500 (EST): /search POST
Thu Nov 09 2017 14:00:10 GMT-0500 (EST): /confirmation?zip=30319&per_page=3 GET
Thu Nov 09 2017 14:04:36 GMT-0500 (EST): /search.html GET
Thu Nov 09 2017 14:04:47 GMT-0500 (EST): /search POST
Thu Nov 09 2017 14:04:47 GMT-0500 (EST): /confirmation?zip=30314&per_page=3 GET
Thu Nov 09 2017 14:07:13 GMT-0500 (EST): /search.html GET
Thu Nov 09 2017 14:07:20 GMT-0500 (EST): /search POST
Thu Nov 09 2017 14:07:20 GMT-0500 (EST): /confirmation?zip=30315&per_page=3 GET
Thu Nov 09 2017 14:13:28 GMT-0500 (EST): /search.html GET
Thu Nov 09 2017 14:13:36 GMT-0500 (EST): /search POST
Thu Nov 09 2017 14:13:36 GMT-0500 (EST): /confirmation?zip=30345&per_page=4 GET
Thu Nov 09 2017 14:17:32 GMT-0500 (EST): /search.html GET
Thu Nov 09 2017 14:17:38 GMT-0500 (EST): /search POST
Thu Nov 09 2017 14:17:38 GMT-0500 (EST): /confirmation?zip=30345&per_page=3 GET
Thu Nov 09 2017 14:17:57 GMT-0500 (EST): /search.html GET
Thu Nov 09 2017 14:18:04 GMT-0500 (EST): /search POST
Thu Nov 09 2017 14:18:04 GMT-0500 (EST): /confirmation?zip=30319&per_page=3 GET
Thu Nov 09 2017 14:18:33 GMT-0500 (EST): /search.html GET
Thu Nov 09 2017 14:18:40 GMT-0500 (EST): /search POST
Thu Nov 09 2017 14:18:40 GMT-0500 (EST): /confirmation?zip=30345&per_page=5 GET
Thu Nov 09 2017 14:28:33 GMT-0500 (EST): /search.html GET
Thu Nov 09 2017 14:28:41 GMT-0500 (EST): /search POST
Thu Nov 09 2017 14:28:41 GMT-0500 (EST): /confirmation?zip=30345&per_page=1 GET
Thu Nov 09 2017 14:32:08 GMT-0500 (EST): /search.html GET
Thu Nov 09 2017 14:32:14 GMT-0500 (EST): /search POST
Thu Nov 09 2017 14:32:15 GMT-0500 (EST): /confirmation?zip=30345&per_page=1 GET
Thu Nov 09 2017 14:32:53 GMT-0500 (EST): /search.html GET
Thu Nov 09 2017 14:33:03 GMT-0500 (EST): /search POST
Thu Nov 09 2017 14:33:03 GMT-0500 (EST): /confirmation?zip=30345&per_page=5 GET
Thu Nov 09 2017 14:36:12 GMT-0500 (EST): /search.html GET
Thu Nov 09 2017 14:36:21 GMT-0500 (EST): /search POST
Thu Nov 09 2017 14:36:21 GMT-0500 (EST): /confirmation?zip=30319&per_page=5 GET
Thu Nov 09 2017 14:41:21 GMT-0500 (EST): /search.html GET
Thu Nov 09 2017 14:41:40 GMT-0500 (EST): /search POST
Thu Nov 09 2017 14:41:40 GMT-0500 (EST): /confirmation?zip=30319&per_page=3 GET
Thu Nov 09 2017 14:42:11 GMT-0500 (EST): /search POST
Thu Nov 09 2017 14:42:11 GMT-0500 (EST): /confirmation?zip=30319&per_page=3 GET
Thu Nov 09 2017 14:43:20 GMT-0500 (EST): /search POST
Thu Nov 09 2017 14:43:20 GMT-0500 (EST): /confirmation?zip=30319&per_page=3 GET
Thu Nov 09 2017 14:47:55 GMT-0500 (EST): /search.html GET
Thu Nov 09 2017 14:48:01 GMT-0500 (EST): /search POST
Thu Nov 09 2017 14:48:01 GMT-0500 (EST): /confirmation?zip=30319&per_page=3 GET
Thu Nov 09 2017 14:50:16 GMT-0500 (EST): /search.html GET
Thu Nov 09 2017 14:50:37 GMT-0500 (EST): /search POST
Thu Nov 09 2017 14:50:37 GMT-0500 (EST): /confirmation?zip=1467%20Keys%20Crossing%20Dr&per_page=3 GET
Thu Nov 09 2017 14:51:58 GMT-0500 (EST): /search.html GET
Thu Nov 09 2017 14:52:08 GMT-0500 (EST): /search POST
Thu Nov 09 2017 14:52:08 GMT-0500 (EST): /confirmation?zip=1467%20Keys%20Crossing%20Dr&per_page=2 GET
Thu Nov 09 2017 14:55:42 GMT-0500 (EST): /search POST
Thu Nov 09 2017 14:55:42 GMT-0500 (EST): /confirmation?zip=1467%20Keys%20Crossing%20Dr&per_page=2 GET
Thu Nov 09 2017 15:29:30 GMT-0500 (EST): /search.html GET
Thu Nov 09 2017 15:29:37 GMT-0500 (EST): /search POST
Thu Nov 09 2017 15:29:37 GMT-0500 (EST): /confirmation?zip=30345&per_page=2 GET
Thu Nov 09 2017 15:30:20 GMT-0500 (EST): /search POST
Thu Nov 09 2017 15:30:20 GMT-0500 (EST): /confirmation?zip=30345&per_page=2 GET
Thu Nov 09 2017 15:33:02 GMT-0500 (EST): /search.html GET
Thu Nov 09 2017 15:33:10 GMT-0500 (EST): /search POST
Thu Nov 09 2017 15:33:10 GMT-0500 (EST): /confirmation?zip=30319&per_page=2 GET
Thu Nov 09 2017 15:34:38 GMT-0500 (EST): /confirmation GET
Thu Nov 09 2017 15:34:44 GMT-0500 (EST): /search.html GET
Thu Nov 09 2017 22:28:06 GMT-0500 (EST): / GET
Thu Nov 09 2017 22:28:11 GMT-0500 (EST): /search.html GET
Thu Nov 09 2017 22:28:19 GMT-0500 (EST): /search POST
Thu Nov 09 2017 22:28:19 GMT-0500 (EST): /confirmation?zip=30345&per_page=5 GET
Thu Nov 09 2017 22:30:41 GMT-0500 (EST): /search POST
Thu Nov 09 2017 22:30:41 GMT-0500 (EST): /confirmation?zip=30345&per_page=5 GET
Thu Nov 09 2017 22:33:10 GMT-0500 (EST): / GET
Thu Nov 09 2017 22:33:20 GMT-0500 (EST): /search.html GET
Thu Nov 09 2017 22:44:34 GMT-0500 (EST): / GET
Thu Nov 09 2017 22:44:35 GMT-0500 (EST): /favicon.ico GET
Fri Nov 10 2017 09:05:39 GMT-0500 (EST): / GET
Fri Nov 10 2017 09:05:40 GMT-0500 (EST): /favicon.ico GET
Fri Nov 10 2017 09:05:47 GMT-0500 (EST): /search.html GET
Fri Nov 10 2017 09:06:09 GMT-0500 (EST): /search POST
Fri Nov 10 2017 09:06:09 GMT-0500 (EST): /confirmation?zip=30345&per_page=5 GET
Fri Nov 10 2017 09:14:57 GMT-0500 (EST): /search.html GET
Fri Nov 10 2017 09:15:05 GMT-0500 (EST): /search POST
Fri Nov 10 2017 09:15:05 GMT-0500 (EST): /confirmation?zip=30345&per_page=3 GET
Fri Nov 10 2017 09:16:42 GMT-0500 (EST): /search POST
Fri Nov 10 2017 09:16:42 GMT-0500 (EST): /confirmation?zip=30345&per_page=3 GET
Fri Nov 10 2017 09:30:33 GMT-0500 (EST): /search.html GET
Fri Nov 10 2017 09:30:42 GMT-0500 (EST): /search POST
Fri Nov 10 2017 09:30:42 GMT-0500 (EST): /confirmation?zip=30319&per_page=2 GET
Fri Nov 10 2017 09:32:09 GMT-0500 (EST): /search POST
Fri Nov 10 2017 09:32:09 GMT-0500 (EST): /confirmation?zip=30319&per_page=2 GET
Fri Nov 10 2017 09:33:29 GMT-0500 (EST): /search POST
Fri Nov 10 2017 09:33:29 GMT-0500 (EST): /results=30319&per_page=2 GET
Fri Nov 10 2017 09:34:29 GMT-0500 (EST): /search POST
Fri Nov 10 2017 09:34:29 GMT-0500 (EST): /results=30319&per_page=2 GET
Fri Nov 10 2017 09:37:22 GMT-0500 (EST): /search POST
Fri Nov 10 2017 09:37:22 GMT-0500 (EST): /results?=30319&per_page=2 GET
Fri Nov 10 2017 09:39:09 GMT-0500 (EST): /search POST
Fri Nov 10 2017 09:39:09 GMT-0500 (EST): /results?zip=30319&per_page=2 GET
Fri Nov 10 2017 09:41:51 GMT-0500 (EST): /search POST
Fri Nov 10 2017 09:41:51 GMT-0500 (EST): /results?zip=30319&per_page=2 GET
Fri Nov 10 2017 09:42:36 GMT-0500 (EST): /search POST
Fri Nov 10 2017 09:42:36 GMT-0500 (EST): /results?zip=30319&per_page=2 GET
Fri Nov 10 2017 09:43:08 GMT-0500 (EST): /search POST
Fri Nov 10 2017 09:43:08 GMT-0500 (EST): /results?zip=30319&per_page=2 GET
Fri Nov 10 2017 09:43:45 GMT-0500 (EST): /search POST
Fri Nov 10 2017 09:43:45 GMT-0500 (EST): /results?zip=30319&per_page=2 GET
Fri Nov 10 2017 09:44:37 GMT-0500 (EST): /search POST
Fri Nov 10 2017 09:44:37 GMT-0500 (EST): /results?zip=30319&per_page=2 GET
Fri Nov 10 2017 09:46:16 GMT-0500 (EST): /search POST
Fri Nov 10 2017 09:46:16 GMT-0500 (EST): /confirmation?zip=30319&per_page=2 GET
Fri Nov 10 2017 09:47:28 GMT-0500 (EST): /search POST
Fri Nov 10 2017 09:47:28 GMT-0500 (EST): /confirmation?zip=30319&per_page=2 GET
Fri Nov 10 2017 09:48:11 GMT-0500 (EST): /search POST
Fri Nov 10 2017 09:48:11 GMT-0500 (EST): /confirmation?zip=30319&per_page=2 GET
Fri Nov 10 2017 09:49:08 GMT-0500 (EST): /search POST
Fri Nov 10 2017 09:49:08 GMT-0500 (EST): /results?zip=30319&per_page=2 GET
Fri Nov 10 2017 09:50:25 GMT-0500 (EST): /results?zip=30319&per_page=2 GET
Fri Nov 10 2017 09:50:32 GMT-0500 (EST): /search POST
Fri Nov 10 2017 09:50:32 GMT-0500 (EST): /results?zip=30319&per_page=2 GET
Fri Nov 10 2017 09:51:10 GMT-0500 (EST): /results?zip=30319&per_page=2 GET
Fri Nov 10 2017 09:51:13 GMT-0500 (EST): /search.html GET
Fri Nov 10 2017 09:51:19 GMT-0500 (EST): /search POST
Fri Nov 10 2017 09:51:19 GMT-0500 (EST): /results?zip=30312&per_page=1 GET
Fri Nov 10 2017 09:52:10 GMT-0500 (EST): /search POST
Fri Nov 10 2017 09:52:11 GMT-0500 (EST): /results?zip=30312&per_page=1 GET
Fri Nov 10 2017 09:59:47 GMT-0500 (EST): /search POST
Fri Nov 10 2017 09:59:47 GMT-0500 (EST): /results?zip=30312&per_page=1 GET
Fri Nov 10 2017 10:02:22 GMT-0500 (EST): /search POST
Fri Nov 10 2017 10:02:22 GMT-0500 (EST): /results?zip=30312&per_page=1 GET
Fri Nov 10 2017 10:03:30 GMT-0500 (EST): /search POST
Fri Nov 10 2017 10:03:30 GMT-0500 (EST): /results?zip=30312&per_page=1 GET
Fri Nov 10 2017 10:06:29 GMT-0500 (EST): /search.html GET
Fri Nov 10 2017 10:06:35 GMT-0500 (EST): /search POST
Fri Nov 10 2017 10:06:35 GMT-0500 (EST): /results?zip=30319&per_page=2 GET
Fri Nov 10 2017 10:07:37 GMT-0500 (EST): /search.html GET
Fri Nov 10 2017 10:07:48 GMT-0500 (EST): /search POST
Fri Nov 10 2017 10:07:48 GMT-0500 (EST): /results?zip=30234&per_page=1 GET
Fri Nov 10 2017 10:10:14 GMT-0500 (EST): /search.html GET
Fri Nov 10 2017 10:10:21 GMT-0500 (EST): /search POST
Fri Nov 10 2017 10:10:21 GMT-0500 (EST): /results?zip=30319&per_page=1 GET
Fri Nov 10 2017 10:14:37 GMT-0500 (EST): /search POST
Fri Nov 10 2017 10:14:37 GMT-0500 (EST): /results?zip=30319&per_page=1 GET
Fri Nov 10 2017 10:15:41 GMT-0500 (EST): /search POST
Fri Nov 10 2017 10:15:41 GMT-0500 (EST): /results?zip=30319&per_page=1 GET
Fri Nov 10 2017 10:35:24 GMT-0500 (EST): /search.html GET
Fri Nov 10 2017 10:35:31 GMT-0500 (EST): /search POST
Fri Nov 10 2017 10:35:31 GMT-0500 (EST): /results?zip=30319&per_page=1 GET
Fri Nov 10 2017 10:37:23 GMT-0500 (EST): /search POST
Fri Nov 10 2017 10:37:23 GMT-0500 (EST): /results?zip=30319&per_page=1 GET
Fri Nov 10 2017 10:41:01 GMT-0500 (EST): /search POST
Fri Nov 10 2017 10:41:01 GMT-0500 (EST): /results?zip=30319&per_page=1 GET
Fri Nov 10 2017 10:43:44 GMT-0500 (EST): /search POST
Fri Nov 10 2017 10:43:44 GMT-0500 (EST): /results?zip=30319&per_page=1 GET
Fri Nov 10 2017 10:44:32 GMT-0500 (EST): /search POST
Fri Nov 10 2017 10:44:32 GMT-0500 (EST): /results?zip=30319&per_page=1 GET
Fri Nov 10 2017 10:45:40 GMT-0500 (EST): /search POST
Fri Nov 10 2017 10:45:40 GMT-0500 (EST): /results?zip=30319&per_page=1 GET
Fri Nov 10 2017 10:48:34 GMT-0500 (EST): /search POST
Fri Nov 10 2017 10:48:34 GMT-0500 (EST): /results?zip=30319&per_page=1 GET
Fri Nov 10 2017 10:49:27 GMT-0500 (EST): /search POST
Fri Nov 10 2017 10:49:27 GMT-0500 (EST): /results?zip=30319&per_page=1 GET
Fri Nov 10 2017 10:50:32 GMT-0500 (EST): /search POST
Fri Nov 10 2017 10:50:32 GMT-0500 (EST): /results?zip=30319&per_page=1 GET
Fri Nov 10 2017 10:51:15 GMT-0500 (EST): /search POST
Fri Nov 10 2017 10:51:15 GMT-0500 (EST): /results?zip=30319&per_page=1 GET
Fri Nov 10 2017 10:53:31 GMT-0500 (EST): /search POST
Fri Nov 10 2017 10:53:32 GMT-0500 (EST): /results?zip=30319&per_page=1 GET
Fri Nov 10 2017 10:54:05 GMT-0500 (EST): /search POST
Fri Nov 10 2017 10:54:05 GMT-0500 (EST): /results?zip=30319&per_page=1 GET
Fri Nov 10 2017 10:58:05 GMT-0500 (EST): /search POST
Fri Nov 10 2017 10:58:05 GMT-0500 (EST): /results?zip=30319&per_page=1 GET
Fri Nov 10 2017 11:00:03 GMT-0500 (EST): /search POST
Fri Nov 10 2017 11:00:03 GMT-0500 (EST): /results?zip=30319&per_page=1 GET
Fri Nov 10 2017 11:01:09 GMT-0500 (EST): /results?zip=30319&per_page=1 GET
Fri Nov 10 2017 11:01:53 GMT-0500 (EST): /results?zip=30319&per_page=1 GET
Fri Nov 10 2017 11:02:41 GMT-0500 (EST): /results?zip=30319&per_page=1 GET
Fri Nov 10 2017 11:03:05 GMT-0500 (EST): /search POST
Fri Nov 10 2017 11:03:05 GMT-0500 (EST): /results?zip=30319&per_page=1 GET
Fri Nov 10 2017 11:04:38 GMT-0500 (EST): /search POST
Fri Nov 10 2017 11:04:38 GMT-0500 (EST): /results?zip=30319&per_page=1 GET
Fri Nov 10 2017 11:05:41 GMT-0500 (EST): /search GET
Fri Nov 10 2017 11:05:55 GMT-0500 (EST): /search POST
Fri Nov 10 2017 11:05:55 GMT-0500 (EST): /results?zip=30319&per_page=5 GET
Fri Nov 10 2017 11:07:21 GMT-0500 (EST): /search POST
Fri Nov 10 2017 11:07:21 GMT-0500 (EST): /results?zip=30319&per_page=5 GET
Fri Nov 10 2017 11:07:44 GMT-0500 (EST): /search POST
Fri Nov 10 2017 11:07:44 GMT-0500 (EST): /results?zip=30319&per_page=5 GET
Fri Nov 10 2017 11:10:10 GMT-0500 (EST): /search.html GET
Fri Nov 10 2017 11:10:21 GMT-0500 (EST): /search POST
Fri Nov 10 2017 11:10:21 GMT-0500 (EST): /results?zip=30305&per_page=5 GET
Fri Nov 10 2017 11:13:51 GMT-0500 (EST): /search POST
Fri Nov 10 2017 11:13:51 GMT-0500 (EST): /results?zip=30305&per_page=5 GET
Fri Nov 10 2017 11:14:43 GMT-0500 (EST): /results?zip=30305&per_page=5 GET
Fri Nov 10 2017 11:15:02 GMT-0500 (EST): /search POST
Fri Nov 10 2017 11:15:02 GMT-0500 (EST): /results?zip=30305&per_page=5 GET
Fri Nov 10 2017 11:15:48 GMT-0500 (EST): /results?zip=30305&per_page=5 GET
Fri Nov 10 2017 11:16:48 GMT-0500 (EST): /results?zip=30305&per_page=5 GET
Fri Nov 10 2017 11:16:55 GMT-0500 (EST): /search POST
Fri Nov 10 2017 11:16:55 GMT-0500 (EST): /results?zip=30305&per_page=5 GET
Fri Nov 10 2017 11:17:21 GMT-0500 (EST): /search POST
Fri Nov 10 2017 11:17:21 GMT-0500 (EST): /results?zip=30305&per_page=5 GET
Fri Nov 10 2017 11:19:39 GMT-0500 (EST): /results?zip=30305&per_page=5 GET
Fri Nov 10 2017 11:20:24 GMT-0500 (EST): /results?zip=30305&per_page=5 GET
Fri Nov 10 2017 11:41:44 GMT-0500 (EST): / GET
Fri Nov 10 2017 11:42:29 GMT-0500 (EST): / GET
Fri Nov 10 2017 11:43:17 GMT-0500 (EST): / GET
Fri Nov 10 2017 11:46:02 GMT-0500 (EST): / GET
Fri Nov 10 2017 11:46:07 GMT-0500 (EST): /search.html GET
Fri Nov 10 2017 11:46:15 GMT-0500 (EST): /search POST
Fri Nov 10 2017 11:46:15 GMT-0500 (EST): /results?zip=30234&per_page=1 GET
Fri Nov 10 2017 11:46:49 GMT-0500 (EST): /search POST
Fri Nov 10 2017 11:46:49 GMT-0500 (EST): /results?zip=30234&per_page=1 GET
Fri Nov 10 2017 11:46:50 GMT-0500 (EST): /%7B%7BparsedData%7D%7D GET
Fri Nov 10 2017 11:47:30 GMT-0500 (EST): /search POST
Fri Nov 10 2017 11:47:30 GMT-0500 (EST): /results?zip=30234&per_page=1 GET
Fri Nov 10 2017 11:47:31 GMT-0500 (EST): /%7B%7BparsedData%7D%7D GET
Fri Nov 10 2017 11:48:31 GMT-0500 (EST): /search POST
Fri Nov 10 2017 11:48:31 GMT-0500 (EST): /results?zip=30234&per_page=1 GET
